Arguments: 
  C:\Program Files\nodejs\node.exe C:\Program Files (x86)\Yarn\bin\yarn.js add react-native-elements

PATH: 
  C:\Windows\system32;C:\Windows;C:\Windows\System32\Wbem;C:\Windows\System32\WindowsPowerShell\v1.0\;C:\Windows\System32\OpenSSH\;C:\xampp\php;C:\ProgramData\ComposerSetup\bin;C:\Program Files\Git\cmd;C:\Program Files\nodejs\;C:\Program Files\dotnet\;C:\Program Files\Microsoft SQL Server\130\Tools\Binn\;C:\Program Files\Microsoft SQL Server\Client SDK\ODBC\170\Tools\Binn\;C:\ProgramData\chocolatey\bin;C:\Program Files (x86)\Yarn\bin\;C:\Users\jesus\AppData\Local\Microsoft\WindowsApps;;C:\Users\jesus\AppData\Roaming\Composer\vendor\bin;C:\Users\jesus\AppData\Roaming\npm;C:\Users\jesus\.dotnet\tools;C:\Users\jesus\AppData\Local\Programs\Microsoft VS Code\bin;C:\Users\jesus\AppData\Local\Yarn\bin

Yarn version: 
  1.22.4

Node version: 
  14.0.0

Platform: 
  win32 x64

Trace: 
  Error: EPERM: operation not permitted, unlink 'C:\Users\jesus\Desktop\empresa\TripNow_Blank\node_modules\@babel\core\node_modules\json5\dist'

npm manifest: 
  {
    "main": "node_modules/expo/AppEntry.js",
    "scripts": {
      "start": "expo start",
      "android": "expo start --android",
      "ios": "expo start --ios",
      "web": "expo start --web",
      "eject": "expo eject"
    },
    "dependencies": {
      "@react-native-community/masked-view": "0.1.6",
      "@react-navigation/drawer": "^5.8.1",
      "@react-navigation/material-bottom-tabs": "^5.2.9",
      "@react-navigation/native": "^5.5.0",
      "@react-navigation/stack": "^5.4.1",
      "expo": "~37.0.3",
      "expo-linear-gradient": "~8.1.0",
      "react": "~16.9.0",
      "react-dom": "~16.9.0",
      "react-native": "https://github.com/expo/react-native/archive/sdk-37.0.1.tar.gz",
      "react-native-animatable": "^1.3.3",
      "react-native-elements": "^2.0.1",
      "react-native-gesture-handler": "~1.6.0",
      "react-native-paper": "^3.10.1",
      "react-native-reanimated": "~1.7.0",
      "react-native-safe-area-context": "0.7.3",
      "react-native-screens": "~2.2.0",
      "react-native-vector-icons": "^6.6.0",
      "react-native-web": "~0.11.7"
    },
    "devDependencies": {
      "babel-preset-expo": "~8.1.0",
      "@babel/core": "^7.8.6"
    },
    "private": true
  }

yarn manifest: 
  No manifest

Lockfile: 
  No lockfile
